1556818049512	mozrunner::runner	INFO	Running command: "/usr/bin/firefox" "-marionette" "-foreground" "-no-remote" "-profile" "/tmp/rust_mozprofile.brMB3VsxHxzd"
1556818050202	addons.webextension.screenshots@mozilla.org	WARN	Loading extension 'screenshots@mozilla.org': Reading manifest: Invalid host permission: resource://pdf.js/
1556818050202	addons.webextension.screenshots@mozilla.org	WARN	Loading extension 'screenshots@mozilla.org': Reading manifest: Invalid host permission: about:reader*
1556818052839	Marionette	INFO	Listening on port 40575
1556818052945	Marionette	WARN	TLS certificate errors will be ignored for this session
JavaScript warning: http://www.nitandhra.ac.in/student/assets/js/jquery.js, line 1: Using //@ to indicate sourceMappingURL pragmas is deprecated. Use //# instead
1556818558233	mozrunner::runner	INFO	Running command: "/usr/bin/firefox" "-marionette" "-foreground" "-no-remote" "-profile" "/tmp/rust_mozprofile.xtjkI5KdnzQm"
1556818558908	addons.webextension.screenshots@mozilla.org	WARN	Loading extension 'screenshots@mozilla.org': Reading manifest: Invalid host permission: resource://pdf.js/
1556818558908	addons.webextension.screenshots@mozilla.org	WARN	Loading extension 'screenshots@mozilla.org': Reading manifest: Invalid host permission: about:reader*
1556818561386	Marionette	INFO	Listening on port 36117
1556818561545	Marionette	WARN	TLS certificate errors will be ignored for this session
JavaScript warning: http://www.nitandhra.ac.in/student/assets/js/jquery.js, line 1: Using //@ to indicate sourceMappingURL pragmas is deprecated. Use //# instead
1556818577058	Marionette	INFO	Stopped listening on port 40575
console.error: BroadcastService: 
  receivedBroadcastMessage: handler for
  remote-settings/monitor_changes
  threw error:
  Message: Error: Polling for changes failed: NetworkError when attempting to fetch resource..
  Stack:
    remoteSettingsFunction/remoteSettings.pollChanges@resource://services-settings/remote-settings.js:750:13

JavaScript warning: http://www.nitandhra.ac.in/student/assets/js/JavaScriptSpellCheck/include.js, line 227: unreachable code after return statement
JavaScript warning: http://www.nitandhra.ac.in/student/assets/js/JavaScriptSpellCheck/include.js, line 227: unreachable code after return statement
JavaScript warning: http://www.nitandhra.ac.in/student/assets/js/JavaScriptSpellCheck/include.js, line 227: unreachable code after return statement
1556820287337	mozrunner::runner	INFO	Running command: "/usr/bin/firefox" "-marionette" "-foreground" "-no-remote" "-profile" "/tmp/rust_mozprofile.x3Q6SxOx0Clw"
1556820288500	addons.webextension.screenshots@mozilla.org	WARN	Loading extension 'screenshots@mozilla.org': Reading manifest: Invalid extension permission: mozillaAddons
1556820288500	addons.webextension.screenshots@mozilla.org	WARN	Loading extension 'screenshots@mozilla.org': Reading manifest: Invalid extension permission: resource://pdf.js/
1556820288500	addons.webextension.screenshots@mozilla.org	WARN	Loading extension 'screenshots@mozilla.org': Reading manifest: Invalid extension permission: about:reader*
1556820291179	Marionette	INFO	Listening on port 40571
1556820291264	Marionette	WARN	TLS certificate errors will be ignored for this session
JavaScript warning: http://www.nitandhra.ac.in/student/assets/js/jquery.js, line 2: Using //@ to indicate sourceMappingURL pragmas is deprecated. Use //# instead
JavaScript warning: http://www.nitandhra.ac.in/student/assets/js/JavaScriptSpellCheck/include.js, line 227: unreachable code after return statement
1556820371935	Marionette	INFO	Stopped listening on port 40571
[Parent 26851, Gecko_IOThread] WARNING: pipe error: Broken pipe: file /build/firefox-fvtOIe/firefox-64.0+linuxmint2+tessa/ipc/chromium/src/chrome/common/ipc_channel_posix.cc, line 736
[Parent 26851, Gecko_IOThread] WARNING: FileDescriptorSet destroyed with unconsumed descriptors: file /build/firefox-fvtOIe/firefox-64.0+linuxmint2+tessa/ipc/chromium/src/chrome/common/file_descriptor_set_posix.cc, line 22
[Parent 26851, Gecko_IOThread] WARNING: FileDescriptorSet destroyed with unconsumed descriptors: file /build/firefox-fvtOIe/firefox-64.0+linuxmint2+tessa/ipc/chromium/src/chrome/common/file_descriptor_set_posix.cc, line 22
[Parent 26851, Gecko_IOThread] WARNING: FileDescriptorSet destroyed with unconsumed descriptors: file /build/firefox-fvtOIe/firefox-64.0+linuxmint2+tessa/ipc/chromium/src/chrome/common/file_descriptor_set_posix.cc, line 22
[Parent 26851, Gecko_IOThread] WARNING: FileDescriptorSet destroyed with unconsumed descriptors: file /build/firefox-fvtOIe/firefox-64.0+linuxmint2+tessa/ipc/chromium/src/chrome/common/file_descriptor_set_posix.cc, line 22
[Parent 26851, Gecko_IOThread] WARNING: FileDescriptorSet destroyed with unconsumed descriptors: file /build/firefox-fvtOIe/firefox-64.0+linuxmint2+tessa/ipc/chromium/src/chrome/common/file_descriptor_set_posix.cc, line 22
[Parent 26851, Gecko_IOThread] WARNING: FileDescriptorSet destroyed with unconsumed descriptors: file /build/firefox-fvtOIe/firefox-64.0+linuxmint2+tessa/ipc/chromium/src/chrome/common/file_descriptor_set_posix.cc, line 22
[Parent 26851, Gecko_IOThread] WARNING: pipe error (142): Connection reset by peer: file /build/firefox-fvtOIe/firefox-64.0+linuxmint2+tessa/ipc/chromium/src/chrome/common/ipc_channel_posix.cc, line 363
[Parent 26851, Gecko_IOThread] WARNING: pipe error (144): Connection reset by peer: file /build/firefox-fvtOIe/firefox-64.0+linuxmint2+tessa/ipc/chromium/src/chrome/common/ipc_channel_posix.cc, line 363
[Parent 26851, Gecko_IOThread] WARNING: pipe error (147): Connection reset by peer: file /build/firefox-fvtOIe/firefox-64.0+linuxmint2+tessa/ipc/chromium/src/chrome/common/ipc_channel_posix.cc, line 363
[Parent 26851, Gecko_IOThread] WARNING: pipe error (148): Connection reset by peer: file /build/firefox-fvtOIe/firefox-64.0+linuxmint2+tessa/ipc/chromium/src/chrome/common/ipc_channel_posix.cc, line 363
[Parent 26851, Gecko_IOThread] WARNING: pipe error (155): Connection reset by peer: file /build/firefox-fvtOIe/firefox-64.0+linuxmint2+tessa/ipc/chromium/src/chrome/common/ipc_channel_posix.cc, line 363
A content process crashed and MOZ_CRASHREPORTER_SHUTDOWN is set, shutting down
[Parent 26851, Gecko_IOThread] WARNING: pipe error (80): Connection reset by peer: file /build/firefox-fvtOIe/firefox-64.0+linuxmint2+tessa/ipc/chromium/src/chrome/common/ipc_channel_posix.cc, line 363
1556820415323	Marionette	INFO	Stopped listening on port 36117
1556820537230	mozrunner::runner	INFO	Running command: "/usr/bin/firefox" "-marionette" "-foreground" "-no-remote" "-profile" "/tmp/rust_mozprofile.PPmyEyNhbyAA"
1556820537835	addons.webextension.screenshots@mozilla.org	WARN	Loading extension 'screenshots@mozilla.org': Reading manifest: Invalid extension permission: mozillaAddons
1556820537835	addons.webextension.screenshots@mozilla.org	WARN	Loading extension 'screenshots@mozilla.org': Reading manifest: Invalid extension permission: resource://pdf.js/
1556820537836	addons.webextension.screenshots@mozilla.org	WARN	Loading extension 'screenshots@mozilla.org': Reading manifest: Invalid extension permission: about:reader*
1556820540419	Marionette	INFO	Listening on port 45621
1556820540518	Marionette	WARN	TLS certificate errors will be ignored for this session
JavaScript warning: http://www.nitandhra.ac.in/student/assets/js/jquery.js, line 2: Using //@ to indicate sourceMappingURL pragmas is deprecated. Use //# instead
JavaScript warning: http://www.nitandhra.ac.in/student/assets/js/JavaScriptSpellCheck/include.js, line 227: unreachable code after return statement
JavaScript warning: http://www.nitandhra.ac.in/student/assets/js/JavaScriptSpellCheck/include.js, line 227: unreachable code after return statement
1556820643676	mozrunner::runner	INFO	Running command: "/usr/bin/firefox" "-marionette" "-foreground" "-no-remote" "-profile" "/tmp/rust_mozprofile.8wlzOASxMxsL"
1556820644266	addons.webextension.screenshots@mozilla.org	WARN	Loading extension 'screenshots@mozilla.org': Reading manifest: Invalid extension permission: mozillaAddons
1556820644266	addons.webextension.screenshots@mozilla.org	WARN	Loading extension 'screenshots@mozilla.org': Reading manifest: Invalid extension permission: resource://pdf.js/
1556820644266	addons.webextension.screenshots@mozilla.org	WARN	Loading extension 'screenshots@mozilla.org': Reading manifest: Invalid extension permission: about:reader*
1556820646564	Marionette	INFO	Listening on port 32827
1556820646614	Marionette	WARN	TLS certificate errors will be ignored for this session
JavaScript warning: http://www.nitandhra.ac.in/student/assets/js/jquery.js, line 2: Using //@ to indicate sourceMappingURL pragmas is deprecated. Use //# instead
JavaScript warning: http://www.nitandhra.ac.in/student/assets/js/JavaScriptSpellCheck/include.js, line 227: unreachable code after return statement
JavaScript warning: http://www.nitandhra.ac.in/student/assets/js/JavaScriptSpellCheck/include.js, line 227: unreachable code after return statement
1556820810011	mozrunner::runner	INFO	Running command: "/usr/bin/firefox" "-marionette" "-foreground" "-no-remote" "-profile" "/tmp/rust_mozprofile.XLi86PXdAq9H"
1556820810589	addons.webextension.screenshots@mozilla.org	WARN	Loading extension 'screenshots@mozilla.org': Reading manifest: Invalid extension permission: mozillaAddons
1556820810590	addons.webextension.screenshots@mozilla.org	WARN	Loading extension 'screenshots@mozilla.org': Reading manifest: Invalid extension permission: resource://pdf.js/
1556820810590	addons.webextension.screenshots@mozilla.org	WARN	Loading extension 'screenshots@mozilla.org': Reading manifest: Invalid extension permission: about:reader*
1556820813024	Marionette	INFO	Listening on port 34321
1556820813052	Marionette	WARN	TLS certificate errors will be ignored for this session
JavaScript warning: http://www.nitandhra.ac.in/student/assets/js/jquery.js, line 2: Using //@ to indicate sourceMappingURL pragmas is deprecated. Use //# instead
JavaScript warning: http://www.nitandhra.ac.in/student/assets/js/JavaScriptSpellCheck/include.js, line 227: unreachable code after return statement
console.error: BroadcastService: 
  receivedBroadcastMessage: handler for
  remote-settings/monitor_changes
  threw error:
  Message: Error: Polling for changes failed: NetworkError when attempting to fetch resource..
  Stack:
    remoteSettingsFunction/remoteSettings.pollChanges@resource://services-settings/remote-settings.js:190:13

console.error: BroadcastService: 
  receivedBroadcastMessage: handler for
  remote-settings/monitor_changes
  threw error:
  Message: Error: Polling for changes failed: NetworkError when attempting to fetch resource..
  Stack:
    remoteSettingsFunction/remoteSettings.pollChanges@resource://services-settings/remote-settings.js:190:13

console.error: BroadcastService: 
  receivedBroadcastMessage: handler for
  remote-settings/monitor_changes
  threw error:
  Message: Error: Polling for changes failed: NetworkError when attempting to fetch resource..
  Stack:
    remoteSettingsFunction/remoteSettings.pollChanges@resource://services-settings/remote-settings.js:190:13

IPDL protocol error: Handler returned error code!

###!!! [Parent][DispatchAsyncMessage] Error: PLayerTransaction::Msg_ReleaseLayer Processing error: message was deserialized, but the handler returned false (indicating failure)

IPDL protocol error: Handler returned error code!

###!!! [Parent][DispatchAsyncMessage] Error: PLayerTransaction::Msg_ReleaseLayer Processing error: message was deserialized, but the handler returned false (indicating failure)

IPDL protocol error: Handler returned error code!

###!!! [Parent][DispatchAsyncMessage] Error: PLayerTransaction::Msg_ReleaseLayer Processing error: message was deserialized, but the handler returned false (indicating failure)

IPDL protocol error: Handler returned error code!

###!!! [Parent][DispatchAsyncMessage] Error: PLayerTransaction::Msg_ReleaseLayer Processing error: message was deserialized, but the handler returned false (indicating failure)

IPDL protocol error: Handler returned error code!

###!!! [Parent][DispatchAsyncMessage] Error: PLayerTransaction::Msg_ReleaseLayer Processing error: message was deserialized, but the handler returned false (indicating failure)

IPDL protocol error: Handler returned error code!

###!!! [Parent][DispatchAsyncMessage] Error: PLayerTransaction::Msg_ReleaseLayer Processing error: message was deserialized, but the handler returned false (indicating failure)

IPDL protocol error: Handler returned error code!

###!!! [Parent][DispatchAsyncMessage] Error: PLayerTransaction::Msg_ReleaseLayer Processing error: message was deserialized, but the handler returned false (indicating failure)

1556821239673	Marionette	INFO	Stopped listening on port 32827
1556821265003	Marionette	INFO	Stopped listening on port 45621
1556822744221	mozrunner::runner	INFO	Running command: "/usr/bin/firefox" "-marionette" "-foreground" "-no-remote" "-profile" "/tmp/rust_mozprofile.f9DvgdBpuGrc"
1556822744837	addons.webextension.screenshots@mozilla.org	WARN	Loading extension 'screenshots@mozilla.org': Reading manifest: Invalid extension permission: mozillaAddons
1556822744838	addons.webextension.screenshots@mozilla.org	WARN	Loading extension 'screenshots@mozilla.org': Reading manifest: Invalid extension permission: resource://pdf.js/
1556822744838	addons.webextension.screenshots@mozilla.org	WARN	Loading extension 'screenshots@mozilla.org': Reading manifest: Invalid extension permission: about:reader*
1556822747071	Marionette	INFO	Listening on port 43433
1556822747142	Marionette	WARN	TLS certificate errors will be ignored for this session
JavaScript warning: http://www.nitandhra.ac.in/student/assets/js/jquery.js, line 2: Using //@ to indicate sourceMappingURL pragmas is deprecated. Use //# instead
JavaScript warning: http://www.nitandhra.ac.in/student/assets/js/JavaScriptSpellCheck/include.js, line 227: unreachable code after return statement
1556822773270	Marionette	INFO	Stopped listening on port 43433
1556822780311	mozrunner::runner	INFO	Running command: "/usr/bin/firefox" "-marionette" "-foreground" "-no-remote" "-profile" "/tmp/rust_mozprofile.D7jLGTT6iFLm"
1556822780937	addons.webextension.screenshots@mozilla.org	WARN	Loading extension 'screenshots@mozilla.org': Reading manifest: Invalid extension permission: mozillaAddons
1556822780937	addons.webextension.screenshots@mozilla.org	WARN	Loading extension 'screenshots@mozilla.org': Reading manifest: Invalid extension permission: resource://pdf.js/
1556822780938	addons.webextension.screenshots@mozilla.org	WARN	Loading extension 'screenshots@mozilla.org': Reading manifest: Invalid extension permission: about:reader*
1556822783226	Marionette	INFO	Listening on port 32937
1556822783239	Marionette	WARN	TLS certificate errors will be ignored for this session
JavaScript warning: http://www.nitandhra.ac.in/student/assets/js/jquery.js, line 2: Using //@ to indicate sourceMappingURL pragmas is deprecated. Use //# instead
JavaScript warning: http://www.nitandhra.ac.in/student/assets/js/JavaScriptSpellCheck/include.js, line 227: unreachable code after return statement
1556823030671	mozrunner::runner	INFO	Running command: "/usr/bin/firefox" "-marionette" "-foreground" "-no-remote" "-profile" "/tmp/rust_mozprofile.lmkRHbEfiWjl"
1556823031282	addons.webextension.screenshots@mozilla.org	WARN	Loading extension 'screenshots@mozilla.org': Reading manifest: Invalid extension permission: mozillaAddons
1556823031283	addons.webextension.screenshots@mozilla.org	WARN	Loading extension 'screenshots@mozilla.org': Reading manifest: Invalid extension permission: resource://pdf.js/
1556823031283	addons.webextension.screenshots@mozilla.org	WARN	Loading extension 'screenshots@mozilla.org': Reading manifest: Invalid extension permission: about:reader*
1556823033577	Marionette	INFO	Listening on port 39487
1556823033615	Marionette	WARN	TLS certificate errors will be ignored for this session
JavaScript warning: http://www.nitandhra.ac.in/student/assets/js/jquery.js, line 2: Using //@ to indicate sourceMappingURL pragmas is deprecated. Use //# instead
JavaScript warning: http://www.nitandhra.ac.in/student/assets/js/JavaScriptSpellCheck/include.js, line 227: unreachable code after return statement
1556823228952	Marionette	INFO	Stopped listening on port 39487
1556823234839	Marionette	INFO	Stopped listening on port 32937
1556823239153	mozrunner::runner	INFO	Running command: "/usr/bin/firefox" "-marionette" "-foreground" "-no-remote" "-profile" "/tmp/rust_mozprofile.ZOrTK3vwCD8W"
1556823239757	addons.webextension.screenshots@mozilla.org	WARN	Loading extension 'screenshots@mozilla.org': Reading manifest: Invalid extension permission: mozillaAddons
1556823239757	addons.webextension.screenshots@mozilla.org	WARN	Loading extension 'screenshots@mozilla.org': Reading manifest: Invalid extension permission: resource://pdf.js/
1556823239758	addons.webextension.screenshots@mozilla.org	WARN	Loading extension 'screenshots@mozilla.org': Reading manifest: Invalid extension permission: about:reader*
1556823241998	Marionette	INFO	Listening on port 45317
1556823243091	Marionette	WARN	TLS certificate errors will be ignored for this session
JavaScript warning: http://www.nitandhra.ac.in/student/assets/js/jquery.js, line 2: Using //@ to indicate sourceMappingURL pragmas is deprecated. Use //# instead
JavaScript warning: http://www.nitandhra.ac.in/student/assets/js/JavaScriptSpellCheck/include.js, line 227: unreachable code after return statement
1556823407610	mozrunner::runner	INFO	Running command: "/usr/bin/firefox" "-marionette" "-foreground" "-no-remote" "-profile" "/tmp/rust_mozprofile.pWlterFXppa6"
1556823408224	addons.webextension.screenshots@mozilla.org	WARN	Loading extension 'screenshots@mozilla.org': Reading manifest: Invalid extension permission: mozillaAddons
1556823408224	addons.webextension.screenshots@mozilla.org	WARN	Loading extension 'screenshots@mozilla.org': Reading manifest: Invalid extension permission: resource://pdf.js/
1556823408224	addons.webextension.screenshots@mozilla.org	WARN	Loading extension 'screenshots@mozilla.org': Reading manifest: Invalid extension permission: about:reader*
1556823410415	Marionette	INFO	Listening on port 43139
1556823410429	Marionette	WARN	TLS certificate errors will be ignored for this session
JavaScript warning: http://www.nitandhra.ac.in/student/assets/js/jquery.js, line 2: Using //@ to indicate sourceMappingURL pragmas is deprecated. Use //# instead
JavaScript warning: http://www.nitandhra.ac.in/student/assets/js/JavaScriptSpellCheck/include.js, line 227: unreachable code after return statement
console.error: BroadcastService: 
console.error: BroadcastService: 
  receivedBroadcastMessage: handler for
  remote-settings/monitor_changes
  threw error:
  Message: Error: Polling for changes failed: NetworkError when attempting to fetch resource..
  Stack:
    remoteSettingsFunction/remoteSettings.pollChanges@resource://services-settings/remote-settings.js:190:13

  receivedBroadcastMessage: handler for
  remote-settings/monitor_changes
  threw error:
  Message: Error: Polling for changes failed: NetworkError when attempting to fetch resource..
  Stack:
    remoteSettingsFunction/remoteSettings.pollChanges@resource://services-settings/remote-settings.js:190:13

1556823704728	mozrunner::runner	INFO	Running command: "/usr/bin/firefox" "-marionette" "-foreground" "-no-remote" "-profile" "/tmp/rust_mozprofile.wq7s0M7y1eSW"
1556823705345	addons.webextension.screenshots@mozilla.org	WARN	Loading extension 'screenshots@mozilla.org': Reading manifest: Invalid extension permission: mozillaAddons
1556823705346	addons.webextension.screenshots@mozilla.org	WARN	Loading extension 'screenshots@mozilla.org': Reading manifest: Invalid extension permission: resource://pdf.js/
1556823705346	addons.webextension.screenshots@mozilla.org	WARN	Loading extension 'screenshots@mozilla.org': Reading manifest: Invalid extension permission: about:reader*
1556823707634	Marionette	INFO	Listening on port 36347
1556823707664	Marionette	WARN	TLS certificate errors will be ignored for this session
JavaScript warning: http://www.nitandhra.ac.in/student/assets/js/jquery.js, line 2: Using //@ to indicate sourceMappingURL pragmas is deprecated. Use //# instead
JavaScript warning: http://www.nitandhra.ac.in/student/assets/js/JavaScriptSpellCheck/include.js, line 227: unreachable code after return statement
1556823811336	Marionette	INFO	Stopped listening on port 36347
1556823816550	Marionette	INFO	Stopped listening on port 45317
1556823820444	Marionette	INFO	Stopped listening on port 43139
1556823909273	mozrunner::runner	INFO	Running command: "/usr/bin/firefox" "-marionette" "-foreground" "-no-remote" "-profile" "/tmp/rust_mozprofile.cj2c7PE5lFvy"
1556823909893	addons.webextension.screenshots@mozilla.org	WARN	Loading extension 'screenshots@mozilla.org': Reading manifest: Invalid extension permission: mozillaAddons
1556823909893	addons.webextension.screenshots@mozilla.org	WARN	Loading extension 'screenshots@mozilla.org': Reading manifest: Invalid extension permission: resource://pdf.js/
1556823909893	addons.webextension.screenshots@mozilla.org	WARN	Loading extension 'screenshots@mozilla.org': Reading manifest: Invalid extension permission: about:reader*
1556823912182	Marionette	INFO	Listening on port 37047
1556823912194	Marionette	WARN	TLS certificate errors will be ignored for this session
JavaScript warning: http://www.nitandhra.ac.in/student/assets/js/jquery.js, line 2: Using //@ to indicate sourceMappingURL pragmas is deprecated. Use //# instead
JavaScript warning: http://www.nitandhra.ac.in/student/assets/js/JavaScriptSpellCheck/include.js, line 227: unreachable code after return statement
1556824512127	mozrunner::runner	INFO	Running command: "/usr/bin/firefox" "-marionette" "-foreground" "-no-remote" "-profile" "/tmp/rust_mozprofile.QBW1MjkiG330"
1556824512716	addons.webextension.screenshots@mozilla.org	WARN	Loading extension 'screenshots@mozilla.org': Reading manifest: Invalid extension permission: mozillaAddons
1556824512717	addons.webextension.screenshots@mozilla.org	WARN	Loading extension 'screenshots@mozilla.org': Reading manifest: Invalid extension permission: resource://pdf.js/
1556824512717	addons.webextension.screenshots@mozilla.org	WARN	Loading extension 'screenshots@mozilla.org': Reading manifest: Invalid extension permission: about:reader*
1556824515066	Marionette	INFO	Listening on port 46017
1556824515147	Marionette	WARN	TLS certificate errors will be ignored for this session
JavaScript warning: http://www.nitandhra.ac.in/student/assets/js/jquery.js, line 2: Using //@ to indicate sourceMappingURL pragmas is deprecated. Use //# instead
JavaScript warning: http://www.nitandhra.ac.in/student/assets/js/JavaScriptSpellCheck/include.js, line 227: unreachable code after return statement
console.error: BroadcastService: 
  receivedBroadcastMessage: handler for
  remote-settings/monitor_changes
  threw error:
  Message: Error: Polling for changes failed: NetworkError when attempting to fetch resource..
  Stack:
    remoteSettingsFunction/remoteSettings.pollChanges@resource://services-settings/remote-settings.js:190:13

console.error: BroadcastService: 
  receivedBroadcastMessage: handler for
  remote-settings/monitor_changes
  threw error:
  Message: Error: Polling for changes failed: NetworkError when attempting to fetch resource..
  Stack:
    remoteSettingsFunction/remoteSettings.pollChanges@resource://services-settings/remote-settings.js:190:13

JavaScript warning: http://www.nitandhra.ac.in/student/assets/js/JavaScriptSpellCheck/include.js, line 227: unreachable code after return statement
JavaScript warning: https://cdn.jsdelivr.net/npm/@codementor/tracker@3.2.2/dist/bundled.js, line 1: Error: WebGL warning: getContext: Disallowing antialiased backbuffers due to blacklisting.
JavaScript warning: https://cdn.jsdelivr.net/npm/@codementor/tracker@3.2.2/dist/bundled.js, line 1: Error: WebGL warning: <SetDimensions>: Refused to create native OpenGL context because of blacklist entry: 
JavaScript warning: https://cdn.jsdelivr.net/npm/@codementor/tracker@3.2.2/dist/bundled.js, line 1: Error: WebGL warning: <SetDimensions>: Failed to create WebGL context: WebGL creation failed: 
* Refused to create native OpenGL context because of blacklist entry: 
* Exhausted GL driver options.
JavaScript warning: https://cdn.jsdelivr.net/npm/@codementor/tracker@3.2.2/dist/bundled.js, line 1: Error: WebGL warning: getContext: Disallowing antialiased backbuffers due to blacklisting.
JavaScript warning: https://cdn.jsdelivr.net/npm/@codementor/tracker@3.2.2/dist/bundled.js, line 1: Error: WebGL warning: <SetDimensions>: Refused to create native OpenGL context because of blacklist entry: 
JavaScript warning: https://cdn.jsdelivr.net/npm/@codementor/tracker@3.2.2/dist/bundled.js, line 1: Error: WebGL warning: <SetDimensions>: Failed to create WebGL context: WebGL creation failed: 
* Refused to create native OpenGL context because of blacklist entry: 
* Exhausted GL driver options.
JavaScript warning: http://www.nitandhra.ac.in/student/assets/js/JavaScriptSpellCheck/include.js, line 227: unreachable code after return statement
IPDL protocol error: Handler returned error code!

###!!! [Parent][DispatchAsyncMessage] Error: PLayerTransaction::Msg_ReleaseLayer Processing error: message was deserialized, but the handler returned false (indicating failure)

IPDL protocol error: Handler returned error code!

###!!! [Parent][DispatchAsyncMessage] Error: PLayerTransaction::Msg_ReleaseLayer Processing error: message was deserialized, but the handler returned false (indicating failure)

IPDL protocol error: Handler returned error code!

###!!! [Parent][DispatchAsyncMessage] Error: PLayerTransaction::Msg_ReleaseLayer Processing error: message was deserialized, but the handler returned false (indicating failure)

IPDL protocol error: Handler returned error code!

###!!! [Parent][DispatchAsyncMessage] Error: PLayerTransaction::Msg_ReleaseLayer Processing error: message was deserialized, but the handler returned false (indicating failure)

IPDL protocol error: Handler returned error code!

###!!! [Parent][DispatchAsyncMessage] Error: PLayerTransaction::Msg_ReleaseLayer Processing error: message was deserialized, but the handler returned false (indicating failure)

IPDL protocol error: Handler returned error code!

###!!! [Parent][DispatchAsyncMessage] Error: PLayerTransaction::Msg_ReleaseLayer Processing error: message was deserialized, but the handler returned false (indicating failure)

IPDL protocol error: Handler returned error code!

###!!! [Parent][DispatchAsyncMessage] Error: PLayerTransaction::Msg_ReleaseLayer Processing error: message was deserialized, but the handler returned false (indicating failure)

1556825316298	Marionette	INFO	Stopped listening on port 37047
[Parent 8087, Gecko_IOThread] WARNING: pipe error (151): Connection reset by peer: file /build/firefox-c7cYUt/firefox-66.0.3+linuxmint1+tessa/ipc/chromium/src/chrome/common/ipc_channel_posix.cc, line 357
1556825320571	Marionette	INFO	Stopped listening on port 46017
IPDL protocol error: Handler returned error code!

###!!! [Parent][DispatchAsyncMessage] Error: PLayerTransaction::Msg_ReleaseLayer Processing error: message was deserialized, but the handler returned false (indicating failure)

IPDL protocol error: Handler returned error code!

###!!! [Parent][DispatchAsyncMessage] Error: PLayerTransaction::Msg_ReleaseLayer Processing error: message was deserialized, but the handler returned false (indicating failure)

IPDL protocol error: Handler returned error code!

###!!! [Parent][DispatchAsyncMessage] Error: PLayerTransaction::Msg_ReleaseLayer Processing error: message was deserialized, but the handler returned false (indicating failure)

IPDL protocol error: Handler returned error code!

###!!! [Parent][DispatchAsyncMessage] Error: PLayerTransaction::Msg_ReleaseLayer Processing error: message was deserialized, but the handler returned false (indicating failure)

IPDL protocol error: Handler returned error code!

###!!! [Parent][DispatchAsyncMessage] Error: PLayerTransaction::Msg_ReleaseLayer Processing error: message was deserialized, but the handler returned false (indicating failure)

IPDL protocol error: Handler returned error code!

###!!! [Parent][DispatchAsyncMessage] Error: PLayerTransaction::Msg_ReleaseLayer Processing error: message was deserialized, but the handler returned false (indicating failure)

IPDL protocol error: Handler returned error code!

###!!! [Parent][DispatchAsyncMessage] Error: PLayerTransaction::Msg_ReleaseLayer Processing error: message was deserialized, but the handler returned false (indicating failure)

IPDL protocol error: Handler returned error code!

###!!! [Parent][DispatchAsyncMessage] Error: PLayerTransaction::Msg_ReleaseLayer Processing error: message was deserialized, but the handler returned false (indicating failure)

IPDL protocol error: Handler returned error code!

###!!! [Parent][DispatchAsyncMessage] Error: PLayerTransaction::Msg_ReleaseLayer Processing error: message was deserialized, but the handler returned false (indicating failure)

IPDL protocol error: Handler returned error code!

###!!! [Parent][DispatchAsyncMessage] Error: PLayerTransaction::Msg_ReleaseLayer Processing error: message was deserialized, but the handler returned false (indicating failure)

IPDL protocol error: Handler returned error code!

###!!! [Parent][DispatchAsyncMessage] Error: PLayerTransaction::Msg_ReleaseLayer Processing error: message was deserialized, but the handler returned false (indicating failure)

IPDL protocol error: Handler returned error code!

###!!! [Parent][DispatchAsyncMessage] Error: PLayerTransaction::Msg_ReleaseLayer Processing error: message was deserialized, but the handler returned false (indicating failure)

IPDL protocol error: Handler returned error code!

###!!! [Parent][DispatchAsyncMessage] Error: PLayerTransaction::Msg_ReleaseLayer Processing error: message was deserialized, but the handler returned false (indicating failure)

IPDL protocol error: Handler returned error code!

###!!! [Parent][DispatchAsyncMessage] Error: PLayerTransaction::Msg_ReleaseLayer Processing error: message was deserialized, but the handler returned false (indicating failure)

[Parent 4983, Gecko_IOThread] WARNING: pipe error (70): Connection reset by peer: file /build/firefox-c7cYUt/firefox-66.0.3+linuxmint1+tessa/ipc/chromium/src/chrome/common/ipc_channel_posix.cc, line 357
1556825581419	Marionette	INFO	Stopped listening on port 34321
1556825646574	mozrunner::runner	INFO	Running command: "/usr/bin/firefox" "-marionette" "-foreground" "-no-remote" "-profile" "/tmp/rust_mozprofile.yyvIGajXyzpH"
1556825647239	addons.webextension.screenshots@mozilla.org	WARN	Loading extension 'screenshots@mozilla.org': Reading manifest: Invalid extension permission: mozillaAddons
1556825647239	addons.webextension.screenshots@mozilla.org	WARN	Loading extension 'screenshots@mozilla.org': Reading manifest: Invalid extension permission: resource://pdf.js/
1556825647239	addons.webextension.screenshots@mozilla.org	WARN	Loading extension 'screenshots@mozilla.org': Reading manifest: Invalid extension permission: about:reader*
1556825649572	Marionette	INFO	Listening on port 42673
1556825649616	Marionette	WARN	TLS certificate errors will be ignored for this session
1556825673491	Marionette	INFO	Stopped listening on port 42673
1556826024579	mozrunner::runner	INFO	Running command: "/usr/bin/firefox" "-marionette" "--headless" "-foreground" "-no-remote" "-profile" "/tmp/rust_mozprofile.GSTb2Q2SKGX9"
*** You are running in headless mode.
1556826025191	addons.webextension.screenshots@mozilla.org	WARN	Loading extension 'screenshots@mozilla.org': Reading manifest: Invalid extension permission: mozillaAddons
1556826025192	addons.webextension.screenshots@mozilla.org	WARN	Loading extension 'screenshots@mozilla.org': Reading manifest: Invalid extension permission: resource://pdf.js/
1556826025192	addons.webextension.screenshots@mozilla.org	WARN	Loading extension 'screenshots@mozilla.org': Reading manifest: Invalid extension permission: about:reader*
1556826027490	Marionette	INFO	Listening on port 37051
1556826027516	Marionette	WARN	TLS certificate errors will be ignored for this session
JavaScript warning: http://www.nitandhra.ac.in/student/assets/js/jquery.js, line 2: Using //@ to indicate sourceMappingURL pragmas is deprecated. Use //# instead
JavaScript warning: http://www.nitandhra.ac.in/student/assets/js/JavaScriptSpellCheck/include.js, line 227: unreachable code after return statement
JavaScript warning: http://www.nitandhra.ac.in/student/assets/js/JavaScriptSpellCheck/include.js, line 227: unreachable code after return statement
console.error: BroadcastService: 
  receivedBroadcastMessage: handler for
  remote-settings/monitor_changes
  threw error:
  Message: Error: Polling for changes failed: NetworkError when attempting to fetch resource..
  Stack:
    remoteSettingsFunction/remoteSettings.pollChanges@resource://services-settings/remote-settings.js:190:13

1556826151155	mozrunner::runner	INFO	Running command: "/usr/bin/firefox" "-marionette" "-foreground" "-no-remote" "-profile" "/tmp/rust_mozprofile.h5iriQSnhRET"
1556826151828	addons.webextension.screenshots@mozilla.org	WARN	Loading extension 'screenshots@mozilla.org': Reading manifest: Invalid extension permission: mozillaAddons
1556826151829	addons.webextension.screenshots@mozilla.org	WARN	Loading extension 'screenshots@mozilla.org': Reading manifest: Invalid extension permission: resource://pdf.js/
1556826151829	addons.webextension.screenshots@mozilla.org	WARN	Loading extension 'screenshots@mozilla.org': Reading manifest: Invalid extension permission: about:reader*
1556826154260	Marionette	INFO	Listening on port 42557
1556826154313	Marionette	WARN	TLS certificate errors will be ignored for this session
JavaScript warning: http://www.nitandhra.ac.in/student/assets/js/jquery.js, line 2: Using //@ to indicate sourceMappingURL pragmas is deprecated. Use //# instead
JavaScript warning: http://www.nitandhra.ac.in/student/assets/js/JavaScriptSpellCheck/include.js, line 227: unreachable code after return statement
JavaScript warning: http://www.nitandhra.ac.in/student/assets/js/JavaScriptSpellCheck/include.js, line 227: unreachable code after return statement
console.error: BroadcastService: 
  receivedBroadcastMessage: handler for
  remote-settings/monitor_changes
  threw error:
  Message: Error: Polling for changes failed: NetworkError when attempting to fetch resource..
  Stack:
    remoteSettingsFunction/remoteSettings.pollChanges@resource://services-settings/remote-settings.js:190:13

1556826252933	Marionette	INFO	Stopped listening on port 42557
1556826299329	mozrunner::runner	INFO	Running command: "/usr/bin/firefox" "-marionette" "-foreground" "-no-remote" "-profile" "/tmp/rust_mozprofile.7iBb9divOdNB"
1556826299996	addons.webextension.screenshots@mozilla.org	WARN	Loading extension 'screenshots@mozilla.org': Reading manifest: Invalid extension permission: mozillaAddons
1556826299996	addons.webextension.screenshots@mozilla.org	WARN	Loading extension 'screenshots@mozilla.org': Reading manifest: Invalid extension permission: resource://pdf.js/
1556826299996	addons.webextension.screenshots@mozilla.org	WARN	Loading extension 'screenshots@mozilla.org': Reading manifest: Invalid extension permission: about:reader*
1556826302438	Marionette	INFO	Listening on port 41851
1556826302469	Marionette	WARN	TLS certificate errors will be ignored for this session
JavaScript warning: http://www.nitandhra.ac.in/student/assets/js/jquery.js, line 2: Using //@ to indicate sourceMappingURL pragmas is deprecated. Use //# instead
JavaScript warning: http://www.nitandhra.ac.in/student/assets/js/JavaScriptSpellCheck/include.js, line 227: unreachable code after return statement
console.error: BroadcastService: 
  receivedBroadcastMessage: handler for
  remote-settings/monitor_changes
  threw error:
  Message: Error: Polling for changes failed: NetworkError when attempting to fetch resource..
  Stack:
    remoteSettingsFunction/remoteSettings.pollChanges@resource://services-settings/remote-settings.js:190:13

1556826391452	Marionette	INFO	Stopped listening on port 41851
1556826402132	mozrunner::runner	INFO	Running command: "/usr/bin/firefox" "-marionette" "-foreground" "-no-remote" "-profile" "/tmp/rust_mozprofile.TtwlGXliP0J6"
1556826402797	addons.webextension.screenshots@mozilla.org	WARN	Loading extension 'screenshots@mozilla.org': Reading manifest: Invalid extension permission: mozillaAddons
1556826402797	addons.webextension.screenshots@mozilla.org	WARN	Loading extension 'screenshots@mozilla.org': Reading manifest: Invalid extension permission: resource://pdf.js/
1556826402797	addons.webextension.screenshots@mozilla.org	WARN	Loading extension 'screenshots@mozilla.org': Reading manifest: Invalid extension permission: about:reader*
1556826405356	Marionette	INFO	Listening on port 41067
1556826405375	Marionette	WARN	TLS certificate errors will be ignored for this session
JavaScript warning: http://www.nitandhra.ac.in/student/assets/js/jquery.js, line 2: Using //@ to indicate sourceMappingURL pragmas is deprecated. Use //# instead
JavaScript warning: http://www.nitandhra.ac.in/student/assets/js/JavaScriptSpellCheck/include.js, line 227: unreachable code after return statement
JavaScript warning: http://www.nitandhra.ac.in/student/assets/js/JavaScriptSpellCheck/include.js, line 227: unreachable code after return statement
console.error: BroadcastService: 
  receivedBroadcastMessage: handler for
  remote-settings/monitor_changes
  threw error:
  Message: Error: Polling for changes failed: NetworkError when attempting to fetch resource..
  Stack:
    remoteSettingsFunction/remoteSettings.pollChanges@resource://services-settings/remote-settings.js:190:13

1556826782715	Marionette	INFO	Stopped listening on port 41067
1556826814375	mozrunner::runner	INFO	Running command: "/usr/bin/firefox" "-marionette" "-foreground" "-no-remote" "-profile" "/tmp/rust_mozprofile.7f7yw0YU94OZ"
1556826815067	addons.webextension.screenshots@mozilla.org	WARN	Loading extension 'screenshots@mozilla.org': Reading manifest: Invalid extension permission: mozillaAddons
1556826815068	addons.webextension.screenshots@mozilla.org	WARN	Loading extension 'screenshots@mozilla.org': Reading manifest: Invalid extension permission: resource://pdf.js/
1556826815068	addons.webextension.screenshots@mozilla.org	WARN	Loading extension 'screenshots@mozilla.org': Reading manifest: Invalid extension permission: about:reader*
1556826817244	Marionette	INFO	Listening on port 34075
1556826817361	Marionette	WARN	TLS certificate errors will be ignored for this session
JavaScript warning: http://www.nitandhra.ac.in/student/assets/js/jquery.js, line 2: Using //@ to indicate sourceMappingURL pragmas is deprecated. Use //# instead
JavaScript warning: http://www.nitandhra.ac.in/student/assets/js/JavaScriptSpellCheck/include.js, line 227: unreachable code after return statement
1556826871200	Marionette	INFO	Stopped listening on port 34075
1556826892260	mozrunner::runner	INFO	Running command: "/usr/bin/firefox" "-marionette" "-foreground" "-no-remote" "-profile" "/tmp/rust_mozprofile.iYBdnttbgnUN"
1556826892961	addons.webextension.screenshots@mozilla.org	WARN	Loading extension 'screenshots@mozilla.org': Reading manifest: Invalid extension permission: mozillaAddons
1556826892962	addons.webextension.screenshots@mozilla.org	WARN	Loading extension 'screenshots@mozilla.org': Reading manifest: Invalid extension permission: resource://pdf.js/
1556826892962	addons.webextension.screenshots@mozilla.org	WARN	Loading extension 'screenshots@mozilla.org': Reading manifest: Invalid extension permission: about:reader*
1556826895256	Marionette	INFO	Listening on port 39175
1556826895423	Marionette	WARN	TLS certificate errors will be ignored for this session
JavaScript warning: http://www.nitandhra.ac.in/student/assets/js/jquery.js, line 2: Using //@ to indicate sourceMappingURL pragmas is deprecated. Use //# instead
JavaScript warning: http://www.nitandhra.ac.in/student/assets/js/JavaScriptSpellCheck/include.js, line 227: unreachable code after return statement
JavaScript warning: http://www.nitandhra.ac.in/student/assets/js/JavaScriptSpellCheck/include.js, line 227: unreachable code after return statement
console.error: BroadcastService: 
  receivedBroadcastMessage: handler for
  remote-settings/monitor_changes
  threw error:
  Message: Error: Polling for changes failed: NetworkError when attempting to fetch resource..
  Stack:
    remoteSettingsFunction/remoteSettings.pollChanges@resource://services-settings/remote-settings.js:190:13

JavaScript warning: http://www.nitandhra.ac.in/student/assets/js/JavaScriptSpellCheck/include.js, line 227: unreachable code after return statement
JavaScript warning: https://ajax.googleapis.com/ajax/libs/jquery/1.10.2/jquery.min.js, line 2: Using //@ to indicate sourceMappingURL pragmas is deprecated. Use //# instead
JavaScript error: https://www.pythonforbeginners.com/error-handling/python-try-and-except/?cf_action=sync_comments&post_id=1034, line 1: SyntaxError: expected expression, got '<'
1556827396625	mozrunner::runner	INFO	Running command: "/usr/bin/firefox" "-marionette" "-foreground" "-no-remote" "-profile" "/tmp/rust_mozprofile.JUaqxOTpliSk"
1556827397319	addons.webextension.screenshots@mozilla.org	WARN	Loading extension 'screenshots@mozilla.org': Reading manifest: Invalid extension permission: mozillaAddons
1556827397320	addons.webextension.screenshots@mozilla.org	WARN	Loading extension 'screenshots@mozilla.org': Reading manifest: Invalid extension permission: resource://pdf.js/
1556827397320	addons.webextension.screenshots@mozilla.org	WARN	Loading extension 'screenshots@mozilla.org': Reading manifest: Invalid extension permission: about:reader*
1556827399877	Marionette	INFO	Listening on port 33725
1556827399953	Marionette	WARN	TLS certificate errors will be ignored for this session
JavaScript warning: http://www.nitandhra.ac.in/student/assets/js/jquery.js, line 2: Using //@ to indicate sourceMappingURL pragmas is deprecated. Use //# instead
JavaScript warning: http://www.nitandhra.ac.in/student/assets/js/JavaScriptSpellCheck/include.js, line 227: unreachable code after return statement
JavaScript warning: http://www.nitandhra.ac.in/student/assets/js/JavaScriptSpellCheck/include.js, line 227: unreachable code after return statement
console.error: BroadcastService: 
  receivedBroadcastMessage: handler for
  remote-settings/monitor_changes
  threw error:
  Message: Error: Polling for changes failed: NetworkError when attempting to fetch resource..
  Stack:
    remoteSettingsFunction/remoteSettings.pollChanges@resource://services-settings/remote-settings.js:190:13

1556827455466	Marionette	INFO	Stopped listening on port 33725
[Parent 10057, Gecko_IOThread] WARNING: pipe error (121): Connection reset by peer: file /build/firefox-c7cYUt/firefox-66.0.3+linuxmint1+tessa/ipc/chromium/src/chrome/common/ipc_channel_posix.cc, line 357
1556827492114	Marionette	INFO	Stopped listening on port 39175
1556827534470	Marionette	INFO	Stopped listening on port 37051
1556863803793	mozrunner::runner	INFO	Running command: "/usr/bin/firefox" "-marionette" "-foreground" "-no-remote" "-profile" "/tmp/rust_mozprofile.rFaMiPR1wYmb"
1556863804369	addons.webextension.screenshots@mozilla.org	WARN	Loading extension 'screenshots@mozilla.org': Reading manifest: Invalid extension permission: mozillaAddons
1556863804369	addons.webextension.screenshots@mozilla.org	WARN	Loading extension 'screenshots@mozilla.org': Reading manifest: Invalid extension permission: resource://pdf.js/
1556863804370	addons.webextension.screenshots@mozilla.org	WARN	Loading extension 'screenshots@mozilla.org': Reading manifest: Invalid extension permission: about:reader*
1556863806347	Marionette	INFO	Listening on port 44631
1556863806469	Marionette	WARN	TLS certificate errors will be ignored for this session
JavaScript warning: http://www.nitandhra.ac.in/student/assets/js/jquery.js, line 2: Using //@ to indicate sourceMappingURL pragmas is deprecated. Use //# instead
JavaScript warning: http://www.nitandhra.ac.in/student/assets/js/JavaScriptSpellCheck/include.js, line 227: unreachable code after return statement
console.error: BroadcastService: 
  receivedBroadcastMessage: handler for
  remote-settings/monitor_changes
  threw error:
  Message: Error: Polling for changes failed: NetworkError when attempting to fetch resource..
  Stack:
    remoteSettingsFunction/remoteSettings.pollChanges@resource://services-settings/remote-settings.js:190:13

